<?xml version="1.0" encoding="UTF-8"?>
<testsuite xmlns:xsi="http://www.w3.org/2001/XMLSchema-instance" xsi:noNamespaceSchemaLocation="https://maven.apache.org/surefire/maven-surefire-plugin/xsd/surefire-test-report-3.0.xsd" version="3.0" name="dk.dtu.SimulationTest" time="0.37" tests="4" errors="0" skipped="0" failures="0">
  <properties>
    <property name="java.specification.version" value="21"/>
    <property name="sun.cpu.isalist" value="amd64"/>
    <property name="sun.jnu.encoding" value="Cp1252"/>
    <property name="java.class.path" value="C:\Users\rezaj\Desktop\coordination course\StockCoordinatorSystem\target\test-classes;C:\Users\rezaj\Desktop\coordination course\StockCoordinatorSystem\target\classes;C:\Users\rezaj\.m2\repository\junit\junit\4.11\junit-4.11.jar;C:\Users\rezaj\.m2\repository\org\hamcrest\hamcrest-core\1.3\hamcrest-core-1.3.jar;C:\Users\rezaj\.m2\repository\io\github\pspaces\jspace\common\1.0-SNAPSHOT\common-1.0-SNAPSHOT.jar;C:\Users\rezaj\.m2\repository\com\google\code\gson\gson\2.8.0\gson-2.8.0.jar;C:\Users\rezaj\.m2\repository\org\apache\commons\commons-text\1.1\commons-text-1.1.jar;C:\Users\rezaj\.m2\repository\org\apache\commons\commons-lang3\3.5\commons-lang3-3.5.jar;C:\Users\rezaj\.m2\repository\org\openjfx\javafx-controls\21\javafx-controls-21.jar;C:\Users\rezaj\.m2\repository\org\openjfx\javafx-controls\21\javafx-controls-21-win.jar;C:\Users\rezaj\.m2\repository\org\openjfx\javafx-graphics\21\javafx-graphics-21.jar;C:\Users\rezaj\.m2\repository\org\openjfx\javafx-graphics\21\javafx-graphics-21-win.jar;C:\Users\rezaj\.m2\repository\org\openjfx\javafx-base\21\javafx-base-21.jar;C:\Users\rezaj\.m2\repository\org\openjfx\javafx-base\21\javafx-base-21-win.jar;C:\Users\rezaj\.m2\repository\org\openjfx\javafx-fxml\21\javafx-fxml-21.jar;C:\Users\rezaj\.m2\repository\org\openjfx\javafx-fxml\21\javafx-fxml-21-win.jar;"/>
    <property name="java.vm.vendor" value="Eclipse Adoptium"/>
    <property name="sun.arch.data.model" value="64"/>
    <property name="user.variant" value=""/>
    <property name="java.vendor.url" value="https://adoptium.net/"/>
    <property name="user.timezone" value="Europe/Copenhagen"/>
    <property name="os.name" value="Windows 11"/>
    <property name="java.vm.specification.version" value="21"/>
    <property name="sun.java.launcher" value="SUN_STANDARD"/>
    <property name="user.country" value="US"/>
    <property name="sun.boot.library.path" value="C:\Program Files\Eclipse Adoptium\jdk-21.0.4.7-hotspot\bin"/>
    <property name="sun.java.command" value="C:\Users\rezaj\AppData\Local\Temp\surefire17982738835509106749\surefirebooter-20250121133905745_3.jar C:\Users\rezaj\AppData\Local\Temp\surefire17982738835509106749 2025-01-21T13-39-05_574-jvmRun1 surefire-20250121133905745_1tmp surefire_0-20250121133905745_2tmp"/>
    <property name="jdk.debug" value="release"/>
    <property name="surefire.test.class.path" value="C:\Users\rezaj\Desktop\coordination course\StockCoordinatorSystem\target\test-classes;C:\Users\rezaj\Desktop\coordination course\StockCoordinatorSystem\target\classes;C:\Users\rezaj\.m2\repository\junit\junit\4.11\junit-4.11.jar;C:\Users\rezaj\.m2\repository\org\hamcrest\hamcrest-core\1.3\hamcrest-core-1.3.jar;C:\Users\rezaj\.m2\repository\io\github\pspaces\jspace\common\1.0-SNAPSHOT\common-1.0-SNAPSHOT.jar;C:\Users\rezaj\.m2\repository\com\google\code\gson\gson\2.8.0\gson-2.8.0.jar;C:\Users\rezaj\.m2\repository\org\apache\commons\commons-text\1.1\commons-text-1.1.jar;C:\Users\rezaj\.m2\repository\org\apache\commons\commons-lang3\3.5\commons-lang3-3.5.jar;C:\Users\rezaj\.m2\repository\org\openjfx\javafx-controls\21\javafx-controls-21.jar;C:\Users\rezaj\.m2\repository\org\openjfx\javafx-controls\21\javafx-controls-21-win.jar;C:\Users\rezaj\.m2\repository\org\openjfx\javafx-graphics\21\javafx-graphics-21.jar;C:\Users\rezaj\.m2\repository\org\openjfx\javafx-graphics\21\javafx-graphics-21-win.jar;C:\Users\rezaj\.m2\repository\org\openjfx\javafx-base\21\javafx-base-21.jar;C:\Users\rezaj\.m2\repository\org\openjfx\javafx-base\21\javafx-base-21-win.jar;C:\Users\rezaj\.m2\repository\org\openjfx\javafx-fxml\21\javafx-fxml-21.jar;C:\Users\rezaj\.m2\repository\org\openjfx\javafx-fxml\21\javafx-fxml-21-win.jar;"/>
    <property name="sun.cpu.endian" value="little"/>
    <property name="user.home" value="C:\Users\rezaj"/>
    <property name="user.language" value="en"/>
    <property name="java.specification.vendor" value="Oracle Corporation"/>
    <property name="java.version.date" value="2024-07-16"/>
    <property name="java.home" value="C:\Program Files\Eclipse Adoptium\jdk-21.0.4.7-hotspot"/>
    <property name="file.separator" value="\"/>
    <property name="basedir" value="C:\Users\rezaj\Desktop\coordination course\StockCoordinatorSystem"/>
    <property name="java.vm.compressedOopsMode" value="32-bit"/>
    <property name="line.separator" value="&#10;"/>
    <property name="java.vm.specification.vendor" value="Oracle Corporation"/>
    <property name="java.specification.name" value="Java Platform API Specification"/>
    <property name="surefire.real.class.path" value="C:\Users\rezaj\AppData\Local\Temp\surefire17982738835509106749\surefirebooter-20250121133905745_3.jar"/>
    <property name="user.script" value=""/>
    <property name="sun.management.compiler" value="HotSpot 64-Bit Tiered Compilers"/>
    <property name="java.runtime.version" value="21.0.4+7-LTS"/>
    <property name="user.name" value="rezaj"/>
    <property name="stdout.encoding" value="Cp1252"/>
    <property name="path.separator" value=";"/>
    <property name="os.version" value="10.0"/>
    <property name="java.runtime.name" value="OpenJDK Runtime Environment"/>
    <property name="file.encoding" value="UTF-8"/>
    <property name="java.vm.name" value="OpenJDK 64-Bit Server VM"/>
    <property name="java.vendor.version" value="Temurin-21.0.4+7"/>
    <property name="localRepository" value="C:\Users\rezaj\.m2\repository"/>
    <property name="java.vendor.url.bug" value="https://github.com/adoptium/adoptium-support/issues"/>
    <property name="java.io.tmpdir" value="C:\Users\rezaj\AppData\Local\Temp\"/>
    <property name="java.version" value="21.0.4"/>
    <property name="user.dir" value="C:\Users\rezaj\Desktop\coordination course\StockCoordinatorSystem"/>
    <property name="os.arch" value="amd64"/>
    <property name="java.vm.specification.name" value="Java Virtual Machine Specification"/>
    <property name="sun.os.patch.level" value=""/>
    <property name="native.encoding" value="Cp1252"/>
    <property name="java.library.path" value="C:\Program Files\Eclipse Adoptium\jdk-21.0.4.7-hotspot\bin;C:\WINDOWS\Sun\Java\bin;C:\WINDOWS\system32;C:\WINDOWS;C:\Users\rezaj\anaconda3;C:\Users\rezaj\anaconda3\Library\mingw-w64\bin;C:\Users\rezaj\anaconda3\Library\usr\bin;C:\Users\rezaj\anaconda3\Library\bin;C:\Users\rezaj\anaconda3\Scripts;C:\Users\rezaj\anaconda3\bin;C:\Users\rezaj\anaconda3\condabin;C:\Program Files\Common Files\Oracle\Java\javapath;C:\Program Files\Eclipse Adoptium\jdk-21.0.4.7-hotspot\bin;C:\WINDOWS\system32;C:\WINDOWS;C:\WINDOWS\System32\Wbem;C:\WINDOWS\System32\WindowsPowerShell\v1.0;C:\WINDOWS\System32\OpenSSH;C:\Program Files\Microsoft SQL Server\150\Tools\Binn;C:\Program Files (x86)\Microsoft SQL Server\160\DTS\Binn;C:\Program Files\Azure Data Studio\bin;C:\Program Files\Microsoft SQL Server\Client SDK\ODBC\170\Tools\Binn;C:\Program Files\dotnet;C:\Program Files\MiKTeX\miktex\bin\x64;C:\Users\rezaj\anaconda3;C:\Users\rezaj\anaconda3\Scripts;C:\Users\rezaj\anaconda3\Library\lib;C:\Program Files\nodejs;C:\ProgramData\chocolatey\bin;C:\Program Files\Git\cmd;C:\Program Files\maven\bin;C:\jSpace-master;C:\Users\rezaj\AppData\Local\Microsoft\WindowsApps;C:\Users\rezaj\.dotnet\tools;.;C:\Program Files\Azure Data Studio\bin;C:\Users\rezaj\AppData\Local\Programs\Microsoft VS Code\bin;C:\Users\rezaj\AppData\Local\Microsoft\WinGet\Links;C:\Users\rezaj\AppData\Roaming\npm;C:\Program Files\JetBrains\IntelliJ IDEA 2024.2.3\bin;.;."/>
    <property name="java.vm.info" value="mixed mode, sharing"/>
    <property name="stderr.encoding" value="Cp1252"/>
    <property name="java.vendor" value="Eclipse Adoptium"/>
    <property name="java.vm.version" value="21.0.4+7-LTS"/>
    <property name="sun.io.unicode.encoding" value="UnicodeLittle"/>
    <property name="java.class.version" value="65.0"/>
  </properties>
  <testcase name="testStockRequestSuccess" classname="dk.dtu.SimulationTest" time="0.253">
    <system-out><![CDATA[[Store2] -> SEND:  request(Oranges, 15, Restocking, 5d83).
[Store2] <- GET: response(Store2, Oranges, Approved, 5d83)
[Store2] -> SEND:  request(Oranges, 10, Requesting, 9024).
[Store2] <- GET: response(Store2, Oranges, Approved, 9024)
]]></system-out>
  </testcase>
  <testcase name="testInvalidRequest" classname="dk.dtu.SimulationTest" time="0.017">
    <system-out><![CDATA[[Store4] -> SEND:  request(Apples, 100, Requesting, 5c50).
[Store4] <- GET: response(Store4, Apples, Denied, 5c50)
]]></system-out>
  </testcase>
  <testcase name="testStockRequestFailure" classname="dk.dtu.SimulationTest" time="0.025">
    <system-out><![CDATA[[Store3] -> SEND:  request(Bananas, 5, Requesting, c267).
[Store3] <- GET: response(Store3, Bananas, Denied, c267)
]]></system-out>
  </testcase>
  <testcase name="testRestockingRequest" classname="dk.dtu.SimulationTest" time="0.021">
    <system-out><![CDATA[[Store1] -> SEND:  request(Apples, 10, Restocking, dff6).
[Store1] <- GET: response(Store1, Apples, Approved, dff6)
]]></system-out>
  </testcase>
</testsuite>